Running grid search with cross-validation for optimal C and gamma
Shape of train data: (5000, 3072)
Shape of train labels: (5000,)
c = 0.1, g = 1e-05, mean_accuracy = 0.1102
c = 0.1, g = 0.0001, mean_accuracy = 0.1102
c = 0.1, g = 0.001, mean_accuracy = 0.1102
c = 0.1, g = 0.01, mean_accuracy = 0.1102
c = 0.1, g = 0.1, mean_accuracy = 0.1102
c = 0.1, g = 1, mean_accuracy = 0.1102
c = 1, g = 1e-05, mean_accuracy = 0.1102
c = 1, g = 0.0001, mean_accuracy = 0.1102
c = 1, g = 0.001, mean_accuracy = 0.1102
c = 1, g = 0.01, mean_accuracy = 0.1102
c = 1, g = 0.1, mean_accuracy = 0.1102
c = 1, g = 1, mean_accuracy = 0.1102
c = 2, g = 1e-05, mean_accuracy = 0.1102
c = 2, g = 0.0001, mean_accuracy = 0.1102
c = 2, g = 0.001, mean_accuracy = 0.1102
c = 2, g = 0.01, mean_accuracy = 0.1102
c = 2, g = 0.1, mean_accuracy = 0.1102
c = 2, g = 1, mean_accuracy = 0.1102
c = 4, g = 1e-05, mean_accuracy = 0.1102
c = 4, g = 0.0001, mean_accuracy = 0.1102
c = 4, g = 0.001, mean_accuracy = 0.1102
c = 4, g = 0.01, mean_accuracy = 0.1102
c = 4, g = 0.1, mean_accuracy = 0.1102
c = 4, g = 1, mean_accuracy = 0.1102
c = 8, g = 1e-05, mean_accuracy = 0.1102
c = 8, g = 0.0001, mean_accuracy = 0.1102
c = 8, g = 0.001, mean_accuracy = 0.1102
c = 8, g = 0.01, mean_accuracy = 0.1102
c = 8, g = 0.1, mean_accuracy = 0.1102
c = 8, g = 1, mean_accuracy = 0.1102
Best choice for C and gamma from cross-validation: 0.1, 1e-05
